android/build/intermediates/manifest_merge_blame_file/debug/manifest-merger-blame-debug-report.txt
1<?xml version="1.0" encoding="utf-8"?>
2<manifest xmlns:android="http://schemas.android.com/apk/res/android"
3    package="com.android.flappybird"
4    android:versionCode="1"
5    android:versionName="1.0" >
6
7    <uses-sdk
8        android:minSdkVersion="20"
8-->Flappy-Bird-master\android\AndroidManifest.xml
9        android:targetSdkVersion="33" />
9-->Flappy-Bird-master\android\AndroidManifest.xml
10
11    <application
11-->Flappy-Bird-master\android\AndroidManifest.xml:6:5-27:19
12        android:allowBackup="true"
12-->Flappy-Bird-master\android\AndroidManifest.xml:7:9-35
13        android:appCategory="game"
13-->Flappy-Bird-master\android\AndroidManifest.xml:11:9-35
14        android:appComponentFactory="androidx.core.app.CoreComponentFactory"
14-->[androidx.core:core:1.3.2] AndroidManifest.xml:24:18-86
15        android:debuggable="true"
16        android:fullBackupContent="@xml/backup_rules"
16-->Flappy-Bird-master\android\AndroidManifest.xml:8:9-54
17        android:icon="@drawable/bird1"
17-->Flappy-Bird-master\android\AndroidManifest.xml:9:9-39
18        android:isGame="false"
18-->Flappy-Bird-master\android\AndroidManifest.xml:10:9-31
19        android:label="🐥Flap Bird Flap🐥"
19-->Flappy-Bird-master\android\AndroidManifest.xml:12:9-43
20        android:supportsRtl="true"
20-->Flappy-Bird-master\android\AndroidManifest.xml:14:9-35
21        android:theme="@style/GdxTheme" >
21-->Flappy-Bird-master\android\AndroidManifest.xml:13:9-40
22        <activity
22-->Flappy-Bird-master\android\AndroidManifest.xml:16:9-18:20
23            android:name="com.android.flappybird.AndroidLauncher"
23-->Flappy-Bird-master\android\AndroidManifest.xml:16:19-50
24            android:screenOrientation="landscape" >
24-->Flappy-Bird-master\android\AndroidManifest.xml:17:13-50
25        </activity>
26        <activity
26-->Flappy-Bird-master\android\AndroidManifest.xml:19:8-26:19
27            android:name="com.android.flappybird.SplashActivity"
27-->Flappy-Bird-master\android\AndroidManifest.xml:19:18-48
28            android:exported="true"
28-->Flappy-Bird-master\android\AndroidManifest.xml:21:12-35
29            android:screenOrientation="landscape" >
29-->Flappy-Bird-master\android\AndroidManifest.xml:20:12-49
30            <intent-filter>
30-->Flappy-Bird-master\android\AndroidManifest.xml:22:12-25:28
31                <action android:name="android.intent.action.MAIN" />
31-->Flappy-Bird-master\android\AndroidManifest.xml:23:16-67
31-->Flappy-Bird-master\android\AndroidManifest.xml:23:24-65
32
33                <category android:name="android.intent.category.LAUNCHER" />
33-->Flappy-Bird-master\android\AndroidManifest.xml:24:16-75
33-->Flappy-Bird-master\android\AndroidManifest.xml:24:26-73
34            </intent-filter>
35        </activity>
36    </application>
37
38</manifest>